
=== K1: batch=1 seq_len=1024 ===
inputs (before reshape):
  ['input_ids'] -> [?,?]
  ['attention_mask'] -> [?,?]
  ['position_ids'] -> [?,?]
  ['beam_idx'] -> [?]
derived: num_layers=0 num_kv_heads=16 head_dim=128
reshape map (showing first 6):
  input_ids -> [1, 1024]
  attention_mask -> [1, 1024]
  position_ids -> [1, 1024]
  beam_idx -> [1]
  ... (4 total)
inputs (after reshape, all should be static):
  ['input_ids'] -> [1,1024] (STATIC)
  ['attention_mask'] -> [1,1024] (STATIC)
  ['position_ids'] -> [1,1024] (STATIC)
  ['beam_idx'] -> [1] (STATIC)
compiling on NPU...
COMPILE FAILED: RuntimeError: Exception from src\inference\src\cpp\core.cpp:113:
Exception from src\inference\src\dev\plugin.cpp:53:
Exception from src\plugins\intel_npu\src\plugin\src\plugin.cpp:879:
Exception from src\plugins\intel_npu\src\compiler_adapter\src\ze_graph_ext_wrappers.cpp:405:
L0 pfnCreate2 result: ZE_RESULT_ERRO

=== K2: batch=1 seq_len=1 ===
inputs (before reshape):
  ['input_ids'] -> [?,?]
  ['attention_mask'] -> [?,?]
  ['position_ids'] -> [?,?]
  ['beam_idx'] -> [?]
derived: num_layers=0 num_kv_heads=16 head_dim=128
reshape map (showing first 6):
  input_ids -> [1, 1]
  attention_mask -> [1, 1]
  position_ids -> [1, 1]
  beam_idx -> [1]
  ... (4 total)
inputs (after reshape, all should be static):
  ['input_ids'] -> [1,1] (STATIC)
  ['attention_mask'] -> [1,1] (STATIC)
  ['position_ids'] -> [1,1] (STATIC)
  ['beam_idx'] -> [1] (STATIC)
compiling on NPU...
COMPILE FAILED: RuntimeError: Exception from src\inference\src\cpp\core.cpp:113:
Exception from src\inference\src\dev\plugin.cpp:53:
Exception from src\plugins\intel_npu\src\plugin\src\plugin.cpp:879:
Exception from src\plugins\intel_npu\src\compiler_adapter\src\ze_graph_ext_wrappers.cpp:405:
L0 pfnCreate2 result: ZE_RESULT_ERRO

wrote: C:\Users\mrbla\BlarAI\phase2_gates\evidence\issue34450\cell_k_result.json
K1: outcome=compile_failed stage_failed=compile exc=RuntimeError
K2: outcome=compile_failed stage_failed=compile exc=RuntimeError
