READY mode=llmpipeline device=NPU ir=phase2_gates\evidence\issue34450\exports\cell_b
ov_config={'MAX_PROMPT_LEN': 1023, 'MIN_RESPONSE_LEN': 128}
C:\Users\mrbla\BlarAI\phase2_gates\evidence\issue34450\repro_compile.py:92: DeprecationWarning: 'config' parameters is deprecated, please use kwargs to pass config properties instead.
  _pipe = LLMPipeline(str(args.ir), args.device, ov_config)
Model: OV Tokenizer
  NETWORK_NAME: tokenizer
  OPTIMAL_NUMBER_OF_INFER_REQUESTS: 1
  NUM_STREAMS: 1
  INFERENCE_NUM_THREADS: 4
  PERF_COUNT: NO
  INFERENCE_PRECISION_HINT: f32
  PERFORMANCE_HINT: LATENCY
  EXECUTION_MODE_HINT: PERFORMANCE
  PERFORMANCE_HINT_NUM_REQUESTS: 0
  ENABLE_CPU_PINNING: NO
  ENABLE_CPU_RESERVATION: NO
  SCHEDULING_CORE_TYPE: ANY_CORE
  MODEL_DISTRIBUTION_POLICY: 
  ENABLE_HYPER_THREADING: NO
  EXECUTION_DEVICES: CPU
  CPU_DENORMALS_OPTIMIZATION: NO
  LOG_LEVEL: LOG_NONE
  CPU_SPARSE_WEIGHTS_DECOMPRESSION_RATE: 1
  ENABLE_TENSOR_PARALLEL: NO
  TBB_PARTITIONER: STATIC
  DYNAMIC_QUANTIZATION_GROUP_SIZE: 32
  KV_CACHE_PRECISION: u8
  KEY_CACHE_PRECISION: u8
  VALUE_CACHE_PRECISION: u8
  KEY_CACHE_GROUP_SIZE: 0
  VALUE_CACHE_GROUP_SIZE: 0
EXECUTION_DEVICES:
 CPU: Intel(R) Core(TM) Ultra 7 258V
Model: OV Detokenizer
  NETWORK_NAME: detokenizer
  OPTIMAL_NUMBER_OF_INFER_REQUESTS: 1
  NUM_STREAMS: 1
  INFERENCE_NUM_THREADS: 4
  PERF_COUNT: NO
  INFERENCE_PRECISION_HINT: f32
  PERFORMANCE_HINT: LATENCY
  EXECUTION_MODE_HINT: PERFORMANCE
  PERFORMANCE_HINT_NUM_REQUESTS: 0
  ENABLE_CPU_PINNING: NO
  ENABLE_CPU_RESERVATION: NO
  SCHEDULING_CORE_TYPE: ANY_CORE
  MODEL_DISTRIBUTION_POLICY: 
  ENABLE_HYPER_THREADING: NO
  EXECUTION_DEVICES: CPU
  CPU_DENORMALS_OPTIMIZATION: NO
  LOG_LEVEL: LOG_NONE
  CPU_SPARSE_WEIGHTS_DECOMPRESSION_RATE: 1
  ENABLE_TENSOR_PARALLEL: NO
  TBB_PARTITIONER: STATIC
  DYNAMIC_QUANTIZATION_GROUP_SIZE: 32
  KV_CACHE_PRECISION: u8
  KEY_CACHE_PRECISION: u8
  VALUE_CACHE_PRECISION: u8
  KEY_CACHE_GROUP_SIZE: 0
  VALUE_CACHE_GROUP_SIZE: 0
EXECUTION_DEVICES:
 CPU: Intel(R) Core(TM) Ultra 7 258V
[ERROR] 16:56:39.848 [vpux-compiler] Got Diagnostic at loc(fused<{name = "module", type = "Module"}>["module"]) : StopLocationVerifierPass Pass failed : Found 40 duplicated names after full verification
loc(fused<{name = "module", type = "Module"}>["module"]): error: StopLocationVerifierPass Pass failed : Found 40 duplicated names after full verification
[ERROR] 16:56:39.850 [vpux-compiler] Failed Pass StopLocationVerifierPass on Operation loc(fused<{name = "module", type = "Module"}>["module"])
PYTHON_EXCEPTION:RuntimeError:Exception from src\inference\src\cpp\core.cpp:113: | Exception from src\inference\src\dev\plugin.cpp:53: | Exception from src\plugins\intel_npu\src\plugin\npuw\compiled_model.cpp:516: | Failed to compile Model0_kv1152_FCEW000__0 for all devices in [NPU] |  |  | 
Traceback (most recent call last):
  File "C:\Users\mrbla\BlarAI\phase2_gates\evidence\issue34450\repro_compile.py", line 92, in main
    _pipe = LLMPipeline(str(args.ir), args.device, ov_config)
            ^^^^^^^^^^^^^^^^^^^^^^^^^^^^^^^^^^^^^^^^^^^^^^^^^
RuntimeError: Exception from src\inference\src\cpp\core.cpp:113:
Exception from src\inference\src\dev\plugin.cpp:53:
Exception from src\plugins\intel_npu\src\plugin\npuw\compiled_model.cpp:516:
Failed to compile Model0_kv1152_FCEW000__0 for all devices in [NPU]



FAILED elapsed=6.47s
