READY mode=direct device=NPU ir=phase2_gates\evidence\issue34450\exports\cell_b_sym
[ERROR] 16:42:09.942 [IE::FrontEnd::importNetwork]   Upper bounds are not specified for node '__module.model.embed_tokens/ov_ext::embedding/Convert_1' (type 'Convert'): input '0' bounds are '[9223372036854775807, 9223372036854775807]'
[ERROR] 16:42:09.942 [IE::FrontEnd::importNetwork]   Upper bounds are not specified for node '__module.model.embed_tokens/ov_ext::embedding/Gather' (type 'Gather'): input '1' bounds are '[9223372036854775807, 9223372036854775807]'
[ERROR] 16:42:09.942 [IE::FrontEnd::importNetwork]   Upper bounds are not specified for node '__module.model.layers.0.input_layernorm/aten::pow/Power' (type 'Power'): input '0' bounds are '[9223372036854775807, 9223372036854775807, 1024]'
[ERROR] 16:42:09.942 [IE::FrontEnd::importNetwork]   Upper bounds are not specified for node '__module.model.layers.0.input_layernorm/aten::mean/ReduceMean' (type 'ReduceMean'): input '0' bounds are '[9223372036854775807, 9223372036854775807, 1024]'
[ERROR] 16:42:09.942 [vpux-compiler] Got Diagnostic at loc(fused<{name = "__module.model.layers.0.input_layernorm/aten::mul/Multiply", type = "Multiply"}>["__module.model.layers.0.input_layernorm/aten::mul/Multiply"]) : Got non broadcastable dimensions pair : '9223372036854775807' and -9223372036854775808'
loc(fused<{name = "__module.model.layers.0.input_layernorm/aten::mul/Multiply", type = "Multiply"}>["__module.model.layers.0.input_layernorm/aten::mul/Multiply"]): error: Got non broadcastable dimensions pair : '9223372036854775807' and -9223372036854775808'
[ERROR] 16:42:09.943 [IE::FrontEnd::importNetwork]   Upper bounds are not specified for node '__module.model.layers.0.input_layernorm/aten::mul/Multiply' (type 'Multiply'): input '0' bounds are '[9223372036854775807, 9223372036854775807, 1024]'
PYTHON_EXCEPTION:RuntimeError:Exception from src\inference\src\cpp\core.cpp:133: | Exception from src\inference\src\dev\plugin.cpp:58: | Exception from src\plugins\intel_npu\src\plugin\src\plugin.cpp:879: | Exception from src\plugins\intel_npu\src\compiler_adapter\src\ze_graph_ext_wrappers.cpp:405: | L0 pfnCreate2 result: ZE_RESULT_ERROR_INVALID_NULL_POINTER, code 0x78000007 - pointer argument may not be nullptr . [NPU_VCL] Compiler returned msg: | Exception from src\core\src\partial_shape.cpp:266: | to_shape was called on a dynamic shape. |  |  |  |  | 
Traceback (most recent call last):
  File "C:\Users\mrbla\BlarAI\phase2_gates\evidence\issue34450\repro_compile.py", line 71, in main
    _cm = core.compile_model(str(xml), args.device, ov_config)
          ^^^^^^^^^^^^^^^^^^^^^^^^^^^^^^^^^^^^^^^^^^^^^^^^^^^^
  File "C:\Users\mrbla\BlarAI\.venv\Lib\site-packages\openvino\_ov_api.py", line 646, in compile_model
    super().compile_model(model, device_name, {} if config is None else config),
    ^^^^^^^^^^^^^^^^^^^^^^^^^^^^^^^^^^^^^^^^^^^^^^^^^^^^^^^^^^^^^^^^^^^^^^^^^^^
RuntimeError: Exception from src\inference\src\cpp\core.cpp:133:
Exception from src\inference\src\dev\plugin.cpp:58:
Exception from src\plugins\intel_npu\src\plugin\src\plugin.cpp:879:
Exception from src\plugins\intel_npu\src\compiler_adapter\src\ze_graph_ext_wrappers.cpp:405:
L0 pfnCreate2 result: ZE_RESULT_ERROR_INVALID_NULL_POINTER, code 0x78000007 - pointer argument may not be nullptr . [NPU_VCL] Compiler returned msg:
Exception from src\core\src\partial_shape.cpp:266:
to_shape was called on a dynamic shape.





FAILED elapsed=2.11s
